2026-02-20 04:07:34,372  INFO      p1_market_financials  [AAPL] prices: fetching (2y)...
2026-02-20 04:07:36,029  INFO      p1_market_financials  [AAPL] income: fetching...
2026-02-20 04:07:36,302  INFO      p1_market_financials  [AAPL] balance: fetching...
2026-02-20 04:07:36,611  INFO      p1_market_financials  [AAPL] cashflow: fetching...
2026-02-20 04:07:36,804  INFO      p1_market_financials  [AAPL] metrics: fetching...
2026-02-20 04:08:49,507  INFO      p1_market_financials  [AMZN] prices: fetching (2y)...
2026-02-20 04:08:51,200  INFO      p1_market_financials  [AMZN] income: fetching...
2026-02-20 04:08:51,452  INFO      p1_market_financials  [AMZN] balance: fetching...
2026-02-20 04:08:51,703  INFO      p1_market_financials  [AMZN] cashflow: fetching...
2026-02-20 04:08:51,985  INFO      p1_market_financials  [AMZN] metrics: fetching...
2026-02-20 10:06:09,785  INFO      p1_market_financials  [NVDA] prices: fetching (2y)...
2026-02-20 10:06:11,207  INFO      p1_market_financials  [NVDA] income: fetching...
2026-02-20 10:06:11,463  INFO      p1_market_financials  [NVDA] balance: fetching...
2026-02-20 10:06:11,753  INFO      p1_market_financials  [NVDA] cashflow: fetching...
2026-02-20 10:06:11,997  INFO      p1_market_financials  [NVDA] metrics: fetching...
2026-02-22 20:34:26,557  INFO      p1_market_financials  [NFLX] prices: fetching (2y)...
2026-02-22 20:34:28,249  INFO      p1_market_financials  [NFLX] income: fetching...
2026-02-22 20:34:28,484  INFO      p1_market_financials  [NFLX] balance: fetching...
2026-02-22 20:34:28,718  INFO      p1_market_financials  [NFLX] cashflow: fetching...
2026-02-22 20:34:28,968  INFO      p1_market_financials  [NFLX] metrics: fetching...
2026-02-24 21:56:31,608  INFO      p1_market_financials  [MSFT] prices: fetching (2y)...
2026-02-24 21:56:34,816  INFO      p1_market_financials  [MSFT] income: fetching...
2026-02-24 21:56:35,142  INFO      p1_market_financials  [MSFT] balance: fetching...
2026-02-24 21:56:35,656  INFO      p1_market_financials  [MSFT] cashflow: fetching...
2026-02-24 21:56:35,993  INFO      p1_market_financials  [MSFT] metrics: fetching...
2026-02-24 21:58:02,989  INFO      p1_market_financials  [NFLX] prices: fetching (2y)...
2026-02-24 21:58:05,760  INFO      p1_market_financials  [NFLX] income: fetching...
2026-02-24 21:58:06,261  INFO      p1_market_financials  [NFLX] balance: fetching...
2026-02-24 21:58:06,803  INFO      p1_market_financials  [NFLX] cashflow: fetching...
2026-02-24 21:58:07,223  INFO      p1_market_financials  [NFLX] metrics: fetching...
2026-02-24 22:16:49,656  INFO      p1_market_financials  [TSLA] prices: fetching (2y)...
2026-02-24 22:16:52,500  INFO      p1_market_financials  [TSLA] income: fetching...
2026-02-24 22:16:52,941  INFO      p1_market_financials  [TSLA] balance: fetching...
2026-02-24 22:16:53,467  INFO      p1_market_financials  [TSLA] cashflow: fetching...
2026-02-24 22:16:53,942  INFO      p1_market_financials  [TSLA] metrics: fetching...
2026-02-24 22:19:06,455  INFO      p1_market_financials  [CRM] prices: fetching (2y)...
2026-02-24 22:19:08,607  INFO      p1_market_financials  [CRM] income: fetching...
2026-02-24 22:19:08,921  INFO      p1_market_financials  [CRM] balance: fetching...
2026-02-24 22:19:09,172  INFO      p1_market_financials  [CRM] cashflow: fetching...
2026-02-24 22:19:09,394  INFO      p1_market_financials  [CRM] metrics: fetching...
2026-02-24 22:22:48,491  INFO      p1_market_financials  [META] prices: fetching (2y)...
2026-02-24 22:22:55,851  INFO      p1_market_financials  [META] income: fetching...
2026-02-24 22:22:56,285  INFO      p1_market_financials  [META] balance: fetching...
2026-02-24 22:22:56,547  INFO      p1_market_financials  [META] cashflow: fetching...
2026-02-24 22:22:56,860  INFO      p1_market_financials  [META] metrics: fetching...
