2026-02-20 04:07:37,046  INFO      p2_sec_filings  [AAPL] Looking up CIK...
2026-02-20 04:07:37,464  INFO      p2_sec_filings  [AAPL] CIK found: 0000320193
2026-02-20 04:07:37,468  INFO      p2_sec_filings  [AAPL] 10-K: fetching from EDGAR...
2026-02-20 04:07:37,915  INFO      p2_sec_filings  [AAPL] 10-Q: fetching from EDGAR...
2026-02-20 04:07:38,303  INFO      p2_sec_filings  [AAPL] 8-K: fetching from EDGAR...
2026-02-20 04:08:52,243  INFO      p2_sec_filings  [AMZN] Looking up CIK...
2026-02-20 04:08:52,669  INFO      p2_sec_filings  [AMZN] CIK found: 0001018724
2026-02-20 04:08:52,673  INFO      p2_sec_filings  [AMZN] 10-K: fetching from EDGAR...
2026-02-20 04:08:53,160  INFO      p2_sec_filings  [AMZN] 10-Q: fetching from EDGAR...
2026-02-20 04:08:53,542  INFO      p2_sec_filings  [AMZN] 8-K: fetching from EDGAR...
2026-02-20 10:06:12,268  INFO      p2_sec_filings  [NVDA] Looking up CIK...
2026-02-20 10:06:12,787  INFO      p2_sec_filings  [NVDA] CIK found: 0001045810
2026-02-20 10:06:12,791  INFO      p2_sec_filings  [NVDA] 10-K: fetching from EDGAR...
2026-02-20 10:06:13,340  INFO      p2_sec_filings  [NVDA] 10-Q: fetching from EDGAR...
2026-02-20 10:06:13,782  INFO      p2_sec_filings  [NVDA] 8-K: fetching from EDGAR...
2026-02-22 20:34:29,304  INFO      p2_sec_filings  [NFLX] Looking up CIK...
2026-02-22 20:34:29,663  INFO      p2_sec_filings  [NFLX] CIK found: 0001065280
2026-02-22 20:34:29,666  INFO      p2_sec_filings  [NFLX] 10-K: fetching from EDGAR...
2026-02-22 20:34:30,088  INFO      p2_sec_filings  [NFLX] 10-Q: fetching from EDGAR...
2026-02-22 20:34:30,474  INFO      p2_sec_filings  [NFLX] 8-K: fetching from EDGAR...
2026-02-24 21:56:37,418  INFO      p2_sec_filings  [MSFT] 10-K: fetching from EDGAR...
2026-02-24 21:56:39,159  INFO      p2_sec_filings  [MSFT] 10-Q: fetching from EDGAR...
2026-02-24 21:56:40,507  INFO      p2_sec_filings  [MSFT] 8-K: fetching from EDGAR...
2026-02-24 21:58:07,633  INFO      p2_sec_filings  [NFLX] 10-K: fetching from EDGAR...
2026-02-24 21:58:09,096  INFO      p2_sec_filings  [NFLX] 10-Q: fetching from EDGAR...
2026-02-24 21:58:10,445  INFO      p2_sec_filings  [NFLX] 8-K: fetching from EDGAR...
2026-02-24 22:16:54,285  INFO      p2_sec_filings  [TSLA] Looking up CIK...
2026-02-24 22:16:55,840  INFO      p2_sec_filings  [TSLA] CIK found: 0001318605
2026-02-24 22:16:55,848  INFO      p2_sec_filings  [TSLA] 10-K: fetching from EDGAR...
2026-02-24 22:16:57,065  INFO      p2_sec_filings  [TSLA] 10-Q: fetching from EDGAR...
2026-02-24 22:16:58,191  INFO      p2_sec_filings  [TSLA] 8-K: fetching from EDGAR...
2026-02-24 22:19:09,758  INFO      p2_sec_filings  [CRM] Looking up CIK...
2026-02-24 22:19:11,057  INFO      p2_sec_filings  [CRM] CIK found: 0001108524
2026-02-24 22:19:11,066  INFO      p2_sec_filings  [CRM] 10-K: fetching from EDGAR...
2026-02-24 22:19:12,112  INFO      p2_sec_filings  [CRM] 10-Q: fetching from EDGAR...
2026-02-24 22:19:13,060  INFO      p2_sec_filings  [CRM] 8-K: fetching from EDGAR...
2026-02-24 22:22:57,227  INFO      p2_sec_filings  [META] Looking up CIK...
2026-02-24 22:22:58,851  INFO      p2_sec_filings  [META] CIK found: 0001326801
2026-02-24 22:22:58,858  INFO      p2_sec_filings  [META] 10-K: fetching from EDGAR...
2026-02-24 22:22:59,847  INFO      p2_sec_filings  [META] 10-Q: fetching from EDGAR...
2026-02-24 22:23:00,664  INFO      p2_sec_filings  [META] 8-K: fetching from EDGAR...
